# JRE version: OpenJDK Runtime Environment Temurin-17.0.8.1+1 (17.0.8.1+1) (build 17.0.8.1+1)
# Java VM: OpenJDK 64-Bit Server VM Temurin-17.0.8.1+1 (17.0.8.1+1, mixed mode, sharing, tiered, compressed oops, compressed class ptrs, g1 gc, windows-amd64)
GC Precious Log:
 CPUs: 8 total, 8 available
 Memory: 16245M
 Large Page Support: Disabled
 NUMA Support: Disabled
 Compressed Oops: Enabled (32-bit)
 Heap Region Size: 1M
 Heap Min Capacity: 256M
 Heap Initial Capacity: 256M
 Heap Max Capacity: 512M
 Pre-touch: Disabled
 Parallel Workers: 8
 Concurrent Workers: 2
 Concurrent Refinement Workers: 8
 Periodic GC: Disabled
Heap:
 garbage-first heap   total 353280K, used 230857K [0x00000000e0000000, 0x0000000100000000)
  region size 1024K, 83 young (84992K), 21 survivors (21504K)
 Metaspace       used 67855K, committed 68672K, reserved 393216K
  class space    used 9674K, committed 10048K, reserved 327680K
GC Heap History (20 events):
Event: 14.131 GC heap before
{Heap before GC invocations=29 (full 0):
 garbage-first heap   total 275456K, used 237889K [0x00000000e0000000, 0x0000000100000000)
  region size 1024K, 113 young (115712K), 9 survivors (9216K)
 Metaspace       used 49743K, committed 50368K, reserved 393216K
  class space    used 6977K, committed 7296K, reserved 327680K
}
Event: 14.135 GC heap after
{Heap after GC invocations=30 (full 0):
 garbage-first heap   total 275456K, used 132160K [0x00000000e0000000, 0x0000000100000000)
  region size 1024K, 9 young (9216K), 9 survivors (9216K)
 Metaspace       used 49743K, committed 50368K, reserved 393216K
  class space    used 6977K, committed 7296K, reserved 327680K
}
Event: 14.269 GC heap before
{Heap before GC invocations=30 (full 0):
 garbage-first heap   total 275456K, used 237632K [0x00000000e0000000, 0x0000000100000000)
  region size 1024K, 112 young (114688K), 9 survivors (9216K)
 Metaspace       used 49743K, committed 50368K, reserved 393216K
  class space    used 6977K, committed 7296K, reserved 327680K
}
Event: 14.273 GC heap after
{Heap after GC invocations=31 (full 0):
 garbage-first heap   total 275456K, used 133574K [0x00000000e0000000, 0x0000000100000000)
  region size 1024K, 8 young (8192K), 8 survivors (8192K)
 Metaspace       used 49743K, committed 50368K, reserved 393216K
  class space    used 6977K, committed 7296K, reserved 327680K
}
Event: 14.420 GC heap before
{Heap before GC invocations=31 (full 0):
 garbage-first heap   total 275456K, used 239046K [0x00000000e0000000, 0x0000000100000000)
  region size 1024K, 111 young (113664K), 8 survivors (8192K)
 Metaspace       used 49744K, committed 50368K, reserved 393216K
  class space    used 6978K, committed 7296K, reserved 327680K
}
Event: 14.426 GC heap after
{Heap after GC invocations=32 (full 0):
 garbage-first heap   total 275456K, used 134376K [0x00000000e0000000, 0x0000000100000000)
  region size 1024K, 8 young (8192K), 8 survivors (8192K)
 Metaspace       used 49744K, committed 50368K, reserved 393216K
  class space    used 6978K, committed 7296K, reserved 327680K
}
Event: 14.603 GC heap before
{Heap before GC invocations=33 (full 0):
 garbage-first heap   total 353280K, used 238824K [0x00000000e0000000, 0x0000000100000000)
  region size 1024K, 110 young (112640K), 8 survivors (8192K)
 Metaspace       used 49746K, committed 50368K, reserved 393216K
  class space    used 6980K, committed 7296K, reserved 327680K
}
Event: 14.608 GC heap after
{Heap after GC invocations=34 (full 0):
 garbage-first heap   total 353280K, used 135638K [0x00000000e0000000, 0x0000000100000000)
  region size 1024K, 8 young (8192K), 8 survivors (8192K)
 Metaspace       used 49746K, committed 50368K, reserved 393216K
  class space    used 6980K, committed 7296K, reserved 327680K
}
Event: 14.622 GC heap before
{Heap before GC invocations=34 (full 0):
 garbage-first heap   total 353280K, used 144854K [0x00000000e0000000, 0x0000000100000000)
  region size 1024K, 17 young (17408K), 8 survivors (8192K)
 Metaspace       used 49746K, committed 50368K, reserved 393216K
  class space    used 6980K, committed 7296K, reserved 327680K
}
Event: 14.626 GC heap after
{Heap after GC invocations=35 (full 0):
 garbage-first heap   total 353280K, used 134715K [0x00000000e0000000, 0x0000000100000000)
  region size 1024K, 2 young (2048K), 2 survivors (2048K)
 Metaspace       used 49746K, committed 50368K, reserved 393216K
  class space    used 6980K, committed 7296K, reserved 327680K
}
Event: 14.932 GC heap before
{Heap before GC invocations=35 (full 0):
 garbage-first heap   total 353280K, used 310843K [0x00000000e0000000, 0x0000000100000000)
  region size 1024K, 174 young (178176K), 2 survivors (2048K)
 Metaspace       used 49747K, committed 50368K, reserved 393216K
  class space    used 6981K, committed 7296K, reserved 327680K
}
Event: 14.935 GC heap after
{Heap after GC invocations=36 (full 0):
 garbage-first heap   total 353280K, used 135707K [0x00000000e0000000, 0x0000000100000000)
  region size 1024K, 3 young (3072K), 3 survivors (3072K)
 Metaspace       used 49747K, committed 50368K, reserved 393216K
  class space    used 6981K, committed 7296K, reserved 327680K
}
Event: 15.328 GC heap before
{Heap before GC invocations=36 (full 0):
 garbage-first heap   total 353280K, used 310811K [0x00000000e0000000, 0x0000000100000000)
  region size 1024K, 174 young (178176K), 3 survivors (3072K)
 Metaspace       used 49752K, committed 50368K, reserved 393216K
  class space    used 6981K, committed 7296K, reserved 327680K
}
Event: 15.332 GC heap after
{Heap after GC invocations=37 (full 0):
 garbage-first heap   total 353280K, used 132942K [0x00000000e0000000, 0x0000000100000000)
  region size 1024K, 4 young (4096K), 4 survivors (4096K)
 Metaspace       used 49752K, committed 50368K, reserved 393216K
  class space    used 6981K, committed 7296K, reserved 327680K
}
Event: 15.803 GC heap before
{Heap before GC invocations=37 (full 0):
 garbage-first heap   total 353280K, used 311118K [0x00000000e0000000, 0x0000000100000000)
  region size 1024K, 178 young (182272K), 4 survivors (4096K)
 Metaspace       used 49767K, committed 50368K, reserved 393216K
  class space    used 6981K, committed 7296K, reserved 327680K
}
Event: 15.807 GC heap after
{Heap after GC invocations=38 (full 0):
 garbage-first heap   total 353280K, used 131480K [0x00000000e0000000, 0x0000000100000000)
  region size 1024K, 5 young (5120K), 5 survivors (5120K)
 Metaspace       used 49767K, committed 50368K, reserved 393216K
  class space    used 6981K, committed 7296K, reserved 327680K
}
Event: 17.798 GC heap before
{Heap before GC invocations=38 (full 0):
 garbage-first heap   total 353280K, used 321944K [0x00000000e0000000, 0x0000000100000000)
  region size 1024K, 181 young (185344K), 5 survivors (5120K)
 Metaspace       used 55149K, committed 55744K, reserved 393216K
  class space    used 7714K, committed 8000K, reserved 327680K
}
Event: 17.804 GC heap after
{Heap after GC invocations=39 (full 0):
 garbage-first heap   total 353280K, used 144836K [0x00000000e0000000, 0x0000000100000000)
  region size 1024K, 9 young (9216K), 9 survivors (9216K)
 Metaspace       used 55149K, committed 55744K, reserved 393216K
  class space    used 7714K, committed 8000K, reserved 327680K
}
Event: 19.541 GC heap before
{Heap before GC invocations=39 (full 0):
 garbage-first heap   total 353280K, used 315844K [0x00000000e0000000, 0x0000000100000000)
  region size 1024K, 166 young (169984K), 9 survivors (9216K)
 Metaspace       used 65050K, committed 65728K, reserved 393216K
  class space    used 9272K, committed 9600K, reserved 327680K
}
Event: 19.551 GC heap after
{Heap after GC invocations=40 (full 0):
 garbage-first heap   total 353280K, used 169417K [0x00000000e0000000, 0x0000000100000000)
  region size 1024K, 21 young (21504K), 21 survivors (21504K)
 Metaspace       used 65050K, committed 65728K, reserved 393216K
  class space    used 9272K, committed 9600K, reserved 327680K
}

