# JRE version: OpenJDK Runtime Environment Temurin-17.0.8.1+1 (17.0.8.1+1) (build 17.0.8.1+1)
# Java VM: OpenJDK 64-Bit Server VM Temurin-17.0.8.1+1 (17.0.8.1+1, mixed mode, sharing, tiered, compressed oops, compressed class ptrs, g1 gc, windows-amd64)
GC Precious Log:
 CPUs: 8 total, 8 available
 Memory: 16245M
 Large Page Support: Disabled
 NUMA Support: Disabled
 Compressed Oops: Enabled (32-bit)
 Heap Region Size: 1M
 Heap Min Capacity: 256M
 Heap Initial Capacity: 256M
 Heap Max Capacity: 512M
 Pre-touch: Disabled
 Parallel Workers: 8
 Concurrent Workers: 2
 Concurrent Refinement Workers: 8
 Periodic GC: Disabled
Heap:
 garbage-first heap   total 262144K, used 133001K [0x00000000e0000000, 0x0000000100000000)
  region size 1024K, 78 young (79872K), 20 survivors (20480K)
 Metaspace       used 70232K, committed 70912K, reserved 393216K
  class space    used 9683K, committed 9984K, reserved 327680K
GC Heap History (20 events):
Event: 1.285 GC heap before
{Heap before GC invocations=2 (full 0):
 garbage-first heap   total 262144K, used 60261K [0x00000000e0000000, 0x0000000100000000)
  region size 1024K, 51 young (52224K), 5 survivors (5120K)
 Metaspace       used 4647K, committed 4800K, reserved 393216K
  class space    used 576K, committed 640K, reserved 327680K
}
Event: 1.289 GC heap after
{Heap after GC invocations=3 (full 0):
 garbage-first heap   total 262144K, used 16075K [0x00000000e0000000, 0x0000000100000000)
  region size 1024K, 5 young (5120K), 5 survivors (5120K)
 Metaspace       used 4647K, committed 4800K, reserved 393216K
  class space    used 576K, committed 640K, reserved 327680K
}
Event: 3.431 GC heap before
{Heap before GC invocations=3 (full 0):
 garbage-first heap   total 262144K, used 126667K [0x00000000e0000000, 0x0000000100000000)
  region size 1024K, 114 young (116736K), 5 survivors (5120K)
 Metaspace       used 21200K, committed 21504K, reserved 393216K
  class space    used 3084K, committed 3264K, reserved 327680K
}
Event: 3.439 GC heap after
{Heap after GC invocations=4 (full 0):
 garbage-first heap   total 262144K, used 23722K [0x00000000e0000000, 0x0000000100000000)
  region size 1024K, 12 young (12288K), 12 survivors (12288K)
 Metaspace       used 21200K, committed 21504K, reserved 393216K
  class space    used 3084K, committed 3264K, reserved 327680K
}
Event: 5.065 GC heap before
{Heap before GC invocations=5 (full 0):
 garbage-first heap   total 262144K, used 142506K [0x00000000e0000000, 0x0000000100000000)
  region size 1024K, 130 young (133120K), 12 survivors (12288K)
 Metaspace       used 35607K, committed 35968K, reserved 393216K
  class space    used 5064K, committed 5248K, reserved 327680K
}
Event: 5.076 GC heap after
{Heap after GC invocations=6 (full 0):
 garbage-first heap   total 262144K, used 32228K [0x00000000e0000000, 0x0000000100000000)
  region size 1024K, 16 young (16384K), 16 survivors (16384K)
 Metaspace       used 35607K, committed 35968K, reserved 393216K
  class space    used 5064K, committed 5248K, reserved 327680K
}
Event: 5.087 GC heap before
{Heap before GC invocations=6 (full 0):
 garbage-first heap   total 262144K, used 33252K [0x00000000e0000000, 0x0000000100000000)
  region size 1024K, 17 young (17408K), 16 survivors (16384K)
 Metaspace       used 35705K, committed 36160K, reserved 393216K
  class space    used 5084K, committed 5312K, reserved 327680K
}
Event: 5.096 GC heap after
{Heap after GC invocations=7 (full 0):
 garbage-first heap   total 262144K, used 32977K [0x00000000e0000000, 0x0000000100000000)
  region size 1024K, 2 young (2048K), 2 survivors (2048K)
 Metaspace       used 35705K, committed 36160K, reserved 393216K
  class space    used 5084K, committed 5312K, reserved 327680K
}
Event: 5.122 GC heap before
{Heap before GC invocations=7 (full 0):
 garbage-first heap   total 262144K, used 35025K [0x00000000e0000000, 0x0000000100000000)
  region size 1024K, 5 young (5120K), 2 survivors (2048K)
 Metaspace       used 35929K, committed 36288K, reserved 393216K
  class space    used 5117K, committed 5312K, reserved 327680K
}
Event: 5.123 GC heap after
{Heap after GC invocations=8 (full 0):
 garbage-first heap   total 262144K, used 31345K [0x00000000e0000000, 0x0000000100000000)
  region size 1024K, 1 young (1024K), 1 survivors (1024K)
 Metaspace       used 35929K, committed 36288K, reserved 393216K
  class space    used 5117K, committed 5312K, reserved 327680K
}
Event: 7.168 GC heap before
{Heap before GC invocations=9 (full 0):
 garbage-first heap   total 262144K, used 193137K [0x00000000e0000000, 0x0000000100000000)
  region size 1024K, 153 young (156672K), 1 survivors (1024K)
 Metaspace       used 49589K, committed 50176K, reserved 393216K
  class space    used 7082K, committed 7360K, reserved 327680K
}
Event: 7.178 GC heap after
{Heap after GC invocations=10 (full 0):
 garbage-first heap   total 262144K, used 41330K [0x00000000e0000000, 0x0000000100000000)
  region size 1024K, 11 young (11264K), 11 survivors (11264K)
 Metaspace       used 49589K, committed 50176K, reserved 393216K
  class space    used 7082K, committed 7360K, reserved 327680K
}
Event: 8.749 GC heap before
{Heap before GC invocations=10 (full 0):
 garbage-first heap   total 262144K, used 186738K [0x00000000e0000000, 0x0000000100000000)
  region size 1024K, 153 young (156672K), 11 survivors (11264K)
 Metaspace       used 54025K, committed 54592K, reserved 393216K
  class space    used 7536K, committed 7808K, reserved 327680K
}
Event: 8.761 GC heap after
{Heap after GC invocations=11 (full 0):
 garbage-first heap   total 262144K, used 52334K [0x00000000e0000000, 0x0000000100000000)
  region size 1024K, 20 young (20480K), 20 survivors (20480K)
 Metaspace       used 54025K, committed 54592K, reserved 393216K
  class space    used 7536K, committed 7808K, reserved 327680K
}
Event: 10.789 GC heap before
{Heap before GC invocations=11 (full 0):
 garbage-first heap   total 262144K, used 187502K [0x00000000e0000000, 0x0000000100000000)
  region size 1024K, 153 young (156672K), 20 survivors (20480K)
 Metaspace       used 58723K, committed 59328K, reserved 393216K
  class space    used 8212K, committed 8512K, reserved 327680K
}
Event: 10.803 GC heap after
{Heap after GC invocations=12 (full 0):
 garbage-first heap   total 262144K, used 57192K [0x00000000e0000000, 0x0000000100000000)
  region size 1024K, 7 young (7168K), 7 survivors (7168K)
 Metaspace       used 58723K, committed 59328K, reserved 393216K
  class space    used 8212K, committed 8512K, reserved 327680K
}
Event: 12.105 GC heap before
{Heap before GC invocations=12 (full 0):
 garbage-first heap   total 262144K, used 158568K [0x00000000e0000000, 0x0000000100000000)
  region size 1024K, 90 young (92160K), 7 survivors (7168K)
 Metaspace       used 60471K, committed 61056K, reserved 393216K
  class space    used 8409K, committed 8704K, reserved 327680K
}
Event: 12.111 GC heap after
{Heap after GC invocations=13 (full 0):
 garbage-first heap   total 262144K, used 57850K [0x00000000e0000000, 0x0000000100000000)
  region size 1024K, 8 young (8192K), 8 survivors (8192K)
 Metaspace       used 60471K, committed 61056K, reserved 393216K
  class space    used 8409K, committed 8704K, reserved 327680K
}
Event: 13.708 GC heap before
{Heap before GC invocations=14 (full 0):
 garbage-first heap   total 262144K, used 211450K [0x00000000e0000000, 0x0000000100000000)
  region size 1024K, 153 young (156672K), 8 survivors (8192K)
 Metaspace       used 68507K, committed 69056K, reserved 393216K
  class space    used 9435K, committed 9664K, reserved 327680K
}
Event: 13.722 GC heap after
{Heap after GC invocations=15 (full 0):
 garbage-first heap   total 262144K, used 75657K [0x00000000e0000000, 0x0000000100000000)
  region size 1024K, 20 young (20480K), 20 survivors (20480K)
 Metaspace       used 68507K, committed 69056K, reserved 393216K
  class space    used 9435K, committed 9664K, reserved 327680K
}

