# JRE version: OpenJDK Runtime Environment Temurin-17.0.8.1+1 (17.0.8.1+1) (build 17.0.8.1+1)
# Java VM: OpenJDK 64-Bit Server VM Temurin-17.0.8.1+1 (17.0.8.1+1, mixed mode, sharing, tiered, compressed oops, compressed class ptrs, g1 gc, windows-amd64)
GC Precious Log:
 CPUs: 8 total, 8 available
 Memory: 16245M
 Large Page Support: Disabled
 NUMA Support: Disabled
 Compressed Oops: Enabled (Zero based)
 Heap Region Size: 2M
 Heap Min Capacity: 8M
 Heap Initial Capacity: 254M
 Heap Max Capacity: 4062M
 Pre-touch: Disabled
 Parallel Workers: 8
 Concurrent Workers: 2
 Concurrent Refinement Workers: 8
 Periodic GC: Disabled
Heap:
 garbage-first heap   total 872448K, used 118742K [0x0000000702200000, 0x0000000800000000)
  region size 2048K, 28 young (57344K), 1 survivors (2048K)
 Metaspace       used 81094K, committed 81792K, reserved 1179648K
  class space    used 11207K, committed 11520K, reserved 1048576K
GC Heap History (20 events):
Event: 8.454 GC heap before
{Heap before GC invocations=24 (full 0):
 garbage-first heap   total 176128K, used 125068K [0x0000000702200000, 0x0000000800000000)
  region size 2048K, 28 young (57344K), 2 survivors (4096K)
 Metaspace       used 69457K, committed 70080K, reserved 1114112K
  class space    used 9762K, committed 10048K, reserved 1048576K
}
Event: 8.464 GC heap after
{Heap after GC invocations=25 (full 0):
 garbage-first heap   total 176128K, used 90188K [0x0000000702200000, 0x0000000800000000)
  region size 2048K, 4 young (8192K), 4 survivors (8192K)
 Metaspace       used 69457K, committed 70080K, reserved 1114112K
  class space    used 9762K, committed 10048K, reserved 1048576K
}
Event: 8.532 GC heap before
{Heap before GC invocations=25 (full 0):
 garbage-first heap   total 176128K, used 127052K [0x0000000702200000, 0x0000000800000000)
  region size 2048K, 22 young (45056K), 4 survivors (8192K)
 Metaspace       used 69457K, committed 70080K, reserved 1114112K
  class space    used 9762K, committed 10048K, reserved 1048576K
}
Event: 8.546 GC heap after
{Heap after GC invocations=26 (full 0):
 garbage-first heap   total 176128K, used 105344K [0x0000000702200000, 0x0000000800000000)
  region size 2048K, 3 young (6144K), 3 survivors (6144K)
 Metaspace       used 69457K, committed 70080K, reserved 1114112K
  class space    used 9762K, committed 10048K, reserved 1048576K
}
Event: 8.631 GC heap before
{Heap before GC invocations=26 (full 0):
 garbage-first heap   total 176128K, used 134016K [0x0000000702200000, 0x0000000800000000)
  region size 2048K, 16 young (32768K), 3 survivors (6144K)
 Metaspace       used 69457K, committed 70080K, reserved 1114112K
  class space    used 9762K, committed 10048K, reserved 1048576K
}
Event: 8.641 GC heap after
{Heap after GC invocations=27 (full 0):
 garbage-first heap   total 323584K, used 115411K [0x0000000702200000, 0x0000000800000000)
  region size 2048K, 2 young (4096K), 2 survivors (4096K)
 Metaspace       used 69457K, committed 70080K, reserved 1114112K
  class space    used 9762K, committed 10048K, reserved 1048576K
}
Event: 8.881 GC heap before
{Heap before GC invocations=28 (full 0):
 garbage-first heap   total 323584K, used 221907K [0x0000000702200000, 0x0000000800000000)
  region size 2048K, 52 young (106496K), 2 survivors (4096K)
 Metaspace       used 69457K, committed 70080K, reserved 1114112K
  class space    used 9762K, committed 10048K, reserved 1048576K
}
Event: 8.904 GC heap after
{Heap after GC invocations=29 (full 0):
 garbage-first heap   total 323584K, used 156840K [0x0000000702200000, 0x0000000800000000)
  region size 2048K, 7 young (14336K), 7 survivors (14336K)
 Metaspace       used 69457K, committed 70080K, reserved 1114112K
  class space    used 9762K, committed 10048K, reserved 1048576K
}
Event: 8.908 GC heap before
{Heap before GC invocations=29 (full 0):
 garbage-first heap   total 323584K, used 158888K [0x0000000702200000, 0x0000000800000000)
  region size 2048K, 8 young (16384K), 7 survivors (14336K)
 Metaspace       used 69457K, committed 70080K, reserved 1114112K
  class space    used 9762K, committed 10048K, reserved 1048576K
}
Event: 8.921 GC heap after
{Heap after GC invocations=30 (full 0):
 garbage-first heap   total 323584K, used 160494K [0x0000000702200000, 0x0000000800000000)
  region size 2048K, 1 young (2048K), 1 survivors (2048K)
 Metaspace       used 69457K, committed 70080K, reserved 1114112K
  class space    used 9762K, committed 10048K, reserved 1048576K
}
Event: 9.269 GC heap before
{Heap before GC invocations=30 (full 0):
 garbage-first heap   total 323584K, used 223982K [0x0000000702200000, 0x0000000800000000)
  region size 2048K, 32 young (65536K), 1 survivors (2048K)
 Metaspace       used 71740K, committed 72320K, reserved 1114112K
  class space    used 10061K, committed 10304K, reserved 1048576K
}
Event: 9.271 GC heap after
{Heap after GC invocations=31 (full 0):
 garbage-first heap   total 323584K, used 160141K [0x0000000702200000, 0x0000000800000000)
  region size 2048K, 1 young (2048K), 1 survivors (2048K)
 Metaspace       used 71740K, committed 72320K, reserved 1114112K
  class space    used 10061K, committed 10304K, reserved 1048576K
}
Event: 9.957 GC heap before
{Heap before GC invocations=32 (full 0):
 garbage-first heap   total 323584K, used 199053K [0x0000000702200000, 0x0000000800000000)
  region size 2048K, 36 young (73728K), 1 survivors (2048K)
 Metaspace       used 74267K, committed 74816K, reserved 1114112K
  class space    used 10299K, committed 10560K, reserved 1048576K
}
Event: 9.961 GC heap after
{Heap after GC invocations=33 (full 0):
 garbage-first heap   total 323584K, used 129818K [0x0000000702200000, 0x0000000800000000)
  region size 2048K, 3 young (6144K), 3 survivors (6144K)
 Metaspace       used 74267K, committed 74816K, reserved 1114112K
  class space    used 10299K, committed 10560K, reserved 1048576K
}
Event: 10.098 GC heap before
{Heap before GC invocations=33 (full 0):
 garbage-first heap   total 323584K, used 138010K [0x0000000702200000, 0x0000000800000000)
  region size 2048K, 7 young (14336K), 3 survivors (6144K)
 Metaspace       used 75254K, committed 75840K, reserved 1179648K
  class space    used 10447K, committed 10752K, reserved 1048576K
}
Event: 10.102 GC heap after
{Heap after GC invocations=34 (full 0):
 garbage-first heap   total 323584K, used 98064K [0x0000000702200000, 0x0000000800000000)
  region size 2048K, 1 young (2048K), 1 survivors (2048K)
 Metaspace       used 75254K, committed 75840K, reserved 1179648K
  class space    used 10447K, committed 10752K, reserved 1048576K
}
Event: 10.325 GC heap before
{Heap before GC invocations=34 (full 0):
 garbage-first heap   total 323584K, used 110352K [0x0000000702200000, 0x0000000800000000)
  region size 2048K, 7 young (14336K), 1 survivors (2048K)
 Metaspace       used 76021K, committed 76608K, reserved 1179648K
  class space    used 10527K, committed 10816K, reserved 1048576K
}
Event: 10.328 GC heap after
{Heap after GC invocations=35 (full 0):
 garbage-first heap   total 323584K, used 66699K [0x0000000702200000, 0x0000000800000000)
  region size 2048K, 1 young (2048K), 1 survivors (2048K)
 Metaspace       used 76021K, committed 76608K, reserved 1179648K
  class space    used 10527K, committed 10816K, reserved 1048576K
}
Event: 10.487 GC heap before
{Heap before GC invocations=35 (full 0):
 garbage-first heap   total 323584K, used 78987K [0x0000000702200000, 0x0000000800000000)
  region size 2048K, 7 young (14336K), 1 survivors (2048K)
 Metaspace       used 76733K, committed 77312K, reserved 1179648K
  class space    used 10632K, committed 10944K, reserved 1048576K
}
Event: 10.492 GC heap after
{Heap after GC invocations=36 (full 0):
 garbage-first heap   total 872448K, used 65494K [0x0000000702200000, 0x0000000800000000)
  region size 2048K, 1 young (2048K), 1 survivors (2048K)
 Metaspace       used 76733K, committed 77312K, reserved 1179648K
  class space    used 10632K, committed 10944K, reserved 1048576K
}

