# JRE version: OpenJDK Runtime Environment Temurin-17.0.8.1+1 (17.0.8.1+1) (build 17.0.8.1+1)
# Java VM: OpenJDK 64-Bit Server VM Temurin-17.0.8.1+1 (17.0.8.1+1, mixed mode, sharing, tiered, compressed oops, compressed class ptrs, g1 gc, windows-amd64)
GC Precious Log:
 CPUs: 8 total, 8 available
 Memory: 16245M
 Large Page Support: Disabled
 NUMA Support: Disabled
 Compressed Oops: Enabled (Zero based)
 Heap Region Size: 2M
 Heap Min Capacity: 8M
 Heap Initial Capacity: 254M
 Heap Max Capacity: 4062M
 Pre-touch: Disabled
 Parallel Workers: 8
 Concurrent Workers: 2
 Concurrent Refinement Workers: 8
 Periodic GC: Disabled
Heap:
 garbage-first heap   total 532480K, used 383542K [0x0000000702200000, 0x0000000800000000)
  region size 2048K, 120 young (245760K), 2 survivors (4096K)
 Metaspace       used 94933K, committed 96000K, reserved 1179648K
  class space    used 12406K, committed 12928K, reserved 1048576K
GC Heap History (20 events):
Event: 8.768 GC heap before
{Heap before GC invocations=27 (full 0):
 garbage-first heap   total 251904K, used 111733K [0x0000000702200000, 0x0000000800000000)
  region size 2048K, 7 young (14336K), 6 survivors (12288K)
 Metaspace       used 69406K, committed 70016K, reserved 1114112K
  class space    used 9758K, committed 10048K, reserved 1048576K
}
Event: 8.775 GC heap after
{Heap after GC invocations=28 (full 0):
 garbage-first heap   total 251904K, used 90337K [0x0000000702200000, 0x0000000800000000)
  region size 2048K, 1 young (2048K), 1 survivors (2048K)
 Metaspace       used 69406K, committed 70016K, reserved 1114112K
  class space    used 9758K, committed 10048K, reserved 1048576K
}
Event: 8.890 GC heap before
{Heap before GC invocations=28 (full 0):
 garbage-first heap   total 251904K, used 157921K [0x0000000702200000, 0x0000000800000000)
  region size 2048K, 33 young (67584K), 1 survivors (2048K)
 Metaspace       used 69406K, committed 70016K, reserved 1114112K
  class space    used 9758K, committed 10048K, reserved 1048576K
}
Event: 8.902 GC heap after
{Heap after GC invocations=29 (full 0):
 garbage-first heap   total 251904K, used 113851K [0x0000000702200000, 0x0000000800000000)
  region size 2048K, 5 young (10240K), 5 survivors (10240K)
 Metaspace       used 69406K, committed 70016K, reserved 1114112K
  class space    used 9758K, committed 10048K, reserved 1048576K
}
Event: 9.011 GC heap before
{Heap before GC invocations=29 (full 0):
 garbage-first heap   total 251904K, used 175291K [0x0000000702200000, 0x0000000800000000)
  region size 2048K, 33 young (67584K), 5 survivors (10240K)
 Metaspace       used 69407K, committed 70016K, reserved 1114112K
  class space    used 9758K, committed 10048K, reserved 1048576K
}
Event: 9.027 GC heap after
{Heap after GC invocations=30 (full 0):
 garbage-first heap   total 251904K, used 139276K [0x0000000702200000, 0x0000000800000000)
  region size 2048K, 5 young (10240K), 5 survivors (10240K)
 Metaspace       used 69407K, committed 70016K, reserved 1114112K
  class space    used 9758K, committed 10048K, reserved 1048576K
}
Event: 9.091 GC heap before
{Heap before GC invocations=30 (full 0):
 garbage-first heap   total 251904K, used 184332K [0x0000000702200000, 0x0000000800000000)
  region size 2048K, 27 young (55296K), 5 survivors (10240K)
 Metaspace       used 69410K, committed 70016K, reserved 1114112K
  class space    used 9758K, committed 10048K, reserved 1048576K
}
Event: 9.104 GC heap after
{Heap after GC invocations=31 (full 0):
 garbage-first heap   total 675840K, used 144107K [0x0000000702200000, 0x0000000800000000)
  region size 2048K, 2 young (4096K), 2 survivors (4096K)
 Metaspace       used 69410K, committed 70016K, reserved 1114112K
  class space    used 9758K, committed 10048K, reserved 1048576K
}
Event: 419.897 GC heap before
{Heap before GC invocations=32 (full 0):
 garbage-first heap   total 532480K, used 424683K [0x0000000702200000, 0x0000000800000000)
  region size 2048K, 143 young (292864K), 2 survivors (4096K)
 Metaspace       used 90111K, committed 91008K, reserved 1179648K
  class space    used 12217K, committed 12672K, reserved 1048576K
}
Event: 419.914 GC heap after
{Heap after GC invocations=33 (full 0):
 garbage-first heap   total 532480K, used 145312K [0x0000000702200000, 0x0000000800000000)
  region size 2048K, 6 young (12288K), 6 survivors (12288K)
 Metaspace       used 90111K, committed 91008K, reserved 1179648K
  class space    used 12217K, committed 12672K, reserved 1048576K
}
Event: 436.463 GC heap before
{Heap before GC invocations=33 (full 0):
 garbage-first heap   total 532480K, used 157600K [0x0000000702200000, 0x0000000800000000)
  region size 2048K, 13 young (26624K), 6 survivors (12288K)
 Metaspace       used 90484K, committed 91456K, reserved 1179648K
  class space    used 12219K, committed 12672K, reserved 1048576K
}
Event: 436.470 GC heap after
{Heap after GC invocations=34 (full 0):
 garbage-first heap   total 532480K, used 142987K [0x0000000702200000, 0x0000000800000000)
  region size 2048K, 1 young (2048K), 1 survivors (2048K)
 Metaspace       used 90484K, committed 91456K, reserved 1179648K
  class space    used 12219K, committed 12672K, reserved 1048576K
}
Event: 2246.762 GC heap before
{Heap before GC invocations=34 (full 0):
 garbage-first heap   total 532480K, used 394891K [0x0000000702200000, 0x0000000800000000)
  region size 2048K, 124 young (253952K), 1 survivors (2048K)
 Metaspace       used 93634K, committed 94656K, reserved 1179648K
  class space    used 12367K, committed 12864K, reserved 1048576K
}
Event: 2246.766 GC heap after
{Heap after GC invocations=35 (full 0):
 garbage-first heap   total 532480K, used 143159K [0x0000000702200000, 0x0000000800000000)
  region size 2048K, 2 young (4096K), 2 survivors (4096K)
 Metaspace       used 93634K, committed 94656K, reserved 1179648K
  class space    used 12367K, committed 12864K, reserved 1048576K
}
Event: 3323.939 GC heap before
{Heap before GC invocations=35 (full 0):
 garbage-first heap   total 532480K, used 413495K [0x0000000702200000, 0x0000000800000000)
  region size 2048K, 134 young (274432K), 2 survivors (4096K)
 Metaspace       used 94127K, committed 95168K, reserved 1179648K
  class space    used 12378K, committed 12864K, reserved 1048576K
}
Event: 3323.944 GC heap after
{Heap after GC invocations=36 (full 0):
 garbage-first heap   total 532480K, used 143228K [0x0000000702200000, 0x0000000800000000)
  region size 2048K, 2 young (4096K), 2 survivors (4096K)
 Metaspace       used 94127K, committed 95168K, reserved 1179648K
  class space    used 12378K, committed 12864K, reserved 1048576K
}
Event: 4899.249 GC heap before
{Heap before GC invocations=36 (full 0):
 garbage-first heap   total 532480K, used 429948K [0x0000000702200000, 0x0000000800000000)
  region size 2048K, 142 young (290816K), 2 survivors (4096K)
 Metaspace       used 94644K, committed 95616K, reserved 1179648K
  class space    used 12395K, committed 12864K, reserved 1048576K
}
Event: 4899.256 GC heap after
{Heap after GC invocations=37 (full 0):
 garbage-first heap   total 532480K, used 143784K [0x0000000702200000, 0x0000000800000000)
  region size 2048K, 2 young (4096K), 2 survivors (4096K)
 Metaspace       used 94644K, committed 95616K, reserved 1179648K
  class space    used 12395K, committed 12864K, reserved 1048576K
}
Event: 6100.033 GC heap before
{Heap before GC invocations=37 (full 0):
 garbage-first heap   total 532480K, used 440744K [0x0000000702200000, 0x0000000800000000)
  region size 2048K, 147 young (301056K), 2 survivors (4096K)
 Metaspace       used 94799K, committed 95808K, reserved 1179648K
  class space    used 12399K, committed 12928K, reserved 1048576K
}
Event: 6100.039 GC heap after
{Heap after GC invocations=38 (full 0):
 garbage-first heap   total 532480K, used 143926K [0x0000000702200000, 0x0000000800000000)
  region size 2048K, 2 young (4096K), 2 survivors (4096K)
 Metaspace       used 94799K, committed 95808K, reserved 1179648K
  class space    used 12399K, committed 12928K, reserved 1048576K
}

