# JRE version: OpenJDK Runtime Environment Temurin-21.0.7+6 (21.0.7+6) (build 21.0.7+6-LTS)
# Java VM: OpenJDK 64-Bit Server VM Temurin-21.0.7+6 (21.0.7+6-LTS, mixed mode, sharing, tiered, compressed oops, compressed class ptrs, parallel gc, windows-amd64)
GC Precious Log:
 CardTable entry size: 512
 CPUs: 8 total, 8 available
 Memory: 16245M
 Large Page Support: Disabled
 NUMA Support: Disabled
 Compressed Oops: Enabled (32-bit)
 Alignments: Space 512K, Generation 512K, Heap 2M
 Heap Min Capacity: 100M
 Heap Initial Capacity: 100M
 Heap Max Capacity: 2G
 Pre-touch: Disabled
 Parallel Workers: 8
Heap:
 PSYoungGen      total 16896K, used 6751K [0x00000000d5580000, 0x00000000d6980000, 0x0000000100000000)
  eden space 14336K, 29% used [0x00000000d5580000,0x00000000d59a3f90,0x00000000d6380000)
  from space 2560K, 98% used [0x00000000d6480000,0x00000000d66f3fd0,0x00000000d6700000)
  to   space 2560K, 0% used [0x00000000d6700000,0x00000000d6700000,0x00000000d6980000)
 ParOldGen       total 68608K, used 64506K [0x0000000080000000, 0x0000000084300000, 0x00000000d5580000)
  object space 68608K, 94% used [0x0000000080000000,0x0000000083efebc8,0x0000000084300000)
 Metaspace       used 46448K, committed 47552K, reserved 1114112K
  class space    used 4436K, committed 4928K, reserved 1048576K
GC Heap History (20 events):
Event: 15.901 GC heap before
{Heap before GC invocations=36 (full 2):
 PSYoungGen      total 16896K, used 16656K [0x00000000d5580000, 0x00000000d6800000, 0x0000000100000000)
  eden space 14848K, 100% used [0x00000000d5580000,0x00000000d6400000,0x00000000d6400000)
  from space 2048K, 88% used [0x00000000d6500000,0x00000000d66c4050,0x00000000d6700000)
  to   space 1024K, 0% used [0x00000000d6700000,0x00000000d6700000,0x00000000d6800000)
 ParOldGen       total 68608K, used 50120K [0x0000000080000000, 0x0000000084300000, 0x00000000d5580000)
  object space 68608K, 73% used [0x0000000080000000,0x00000000830f2308,0x0000000084300000)
 Metaspace       used 44324K, committed 45440K, reserved 1114112K
  class space    used 4348K, committed 4864K, reserved 1048576K
}
Event: 15.904 GC heap after
{Heap after GC invocations=36 (full 2):
 PSYoungGen      total 15872K, used 960K [0x00000000d5580000, 0x00000000d6800000, 0x0000000100000000)
  eden space 14848K, 0% used [0x00000000d5580000,0x00000000d5580000,0x00000000d6400000)
  from space 1024K, 93% used [0x00000000d6700000,0x00000000d67f0000,0x00000000d6800000)
  to   space 1536K, 0% used [0x00000000d6500000,0x00000000d6500000,0x00000000d6680000)
 ParOldGen       total 68608K, used 51675K [0x0000000080000000, 0x0000000084300000, 0x00000000d5580000)
  object space 68608K, 75% used [0x0000000080000000,0x0000000083276cd8,0x0000000084300000)
 Metaspace       used 44324K, committed 45440K, reserved 1114112K
  class space    used 4348K, committed 4864K, reserved 1048576K
}
Event: 16.133 GC heap before
{Heap before GC invocations=37 (full 2):
 PSYoungGen      total 15872K, used 15808K [0x00000000d5580000, 0x00000000d6800000, 0x0000000100000000)
  eden space 14848K, 100% used [0x00000000d5580000,0x00000000d6400000,0x00000000d6400000)
  from space 1024K, 93% used [0x00000000d6700000,0x00000000d67f0000,0x00000000d6800000)
  to   space 1536K, 0% used [0x00000000d6500000,0x00000000d6500000,0x00000000d6680000)
 ParOldGen       total 68608K, used 51675K [0x0000000080000000, 0x0000000084300000, 0x00000000d5580000)
  object space 68608K, 75% used [0x0000000080000000,0x0000000083276cd8,0x0000000084300000)
 Metaspace       used 44544K, committed 45696K, reserved 1114112K
  class space    used 4361K, committed 4864K, reserved 1048576K
}
Event: 16.135 GC heap after
{Heap after GC invocations=37 (full 2):
 PSYoungGen      total 16384K, used 1519K [0x00000000d5580000, 0x00000000d6a00000, 0x0000000100000000)
  eden space 14848K, 0% used [0x00000000d5580000,0x00000000d5580000,0x00000000d6400000)
  from space 1536K, 98% used [0x00000000d6500000,0x00000000d667bed8,0x00000000d6680000)
  to   space 3072K, 0% used [0x00000000d6700000,0x00000000d6700000,0x00000000d6a00000)
 ParOldGen       total 68608K, used 52527K [0x0000000080000000, 0x0000000084300000, 0x00000000d5580000)
  object space 68608K, 76% used [0x0000000080000000,0x000000008334bc48,0x0000000084300000)
 Metaspace       used 44544K, committed 45696K, reserved 1114112K
  class space    used 4361K, committed 4864K, reserved 1048576K
}
Event: 16.221 GC heap before
{Heap before GC invocations=38 (full 2):
 PSYoungGen      total 16384K, used 16367K [0x00000000d5580000, 0x00000000d6a00000, 0x0000000100000000)
  eden space 14848K, 100% used [0x00000000d5580000,0x00000000d6400000,0x00000000d6400000)
  from space 1536K, 98% used [0x00000000d6500000,0x00000000d667bed8,0x00000000d6680000)
  to   space 3072K, 0% used [0x00000000d6700000,0x00000000d6700000,0x00000000d6a00000)
 ParOldGen       total 68608K, used 52527K [0x0000000080000000, 0x0000000084300000, 0x00000000d5580000)
  object space 68608K, 76% used [0x0000000080000000,0x000000008334bc48,0x0000000084300000)
 Metaspace       used 44632K, committed 45760K, reserved 1114112K
  class space    used 4369K, committed 4864K, reserved 1048576K
}
Event: 16.224 GC heap after
{Heap after GC invocations=38 (full 2):
 PSYoungGen      total 15872K, used 1024K [0x00000000d5580000, 0x00000000d6800000, 0x0000000100000000)
  eden space 14848K, 0% used [0x00000000d5580000,0x00000000d5580000,0x00000000d6400000)
  from space 1024K, 100% used [0x00000000d6700000,0x00000000d6800000,0x00000000d6800000)
  to   space 1536K, 0% used [0x00000000d6500000,0x00000000d6500000,0x00000000d6680000)
 ParOldGen       total 68608K, used 53988K [0x0000000080000000, 0x0000000084300000, 0x00000000d5580000)
  object space 68608K, 78% used [0x0000000080000000,0x00000000834b9210,0x0000000084300000)
 Metaspace       used 44632K, committed 45760K, reserved 1114112K
  class space    used 4369K, committed 4864K, reserved 1048576K
}
Event: 16.299 GC heap before
{Heap before GC invocations=39 (full 2):
 PSYoungGen      total 15872K, used 15872K [0x00000000d5580000, 0x00000000d6800000, 0x0000000100000000)
  eden space 14848K, 100% used [0x00000000d5580000,0x00000000d6400000,0x00000000d6400000)
  from space 1024K, 100% used [0x00000000d6700000,0x00000000d6800000,0x00000000d6800000)
  to   space 1536K, 0% used [0x00000000d6500000,0x00000000d6500000,0x00000000d6680000)
 ParOldGen       total 68608K, used 53988K [0x0000000080000000, 0x0000000084300000, 0x00000000d5580000)
  object space 68608K, 78% used [0x0000000080000000,0x00000000834b9210,0x0000000084300000)
 Metaspace       used 44822K, committed 45952K, reserved 1114112K
  class space    used 4376K, committed 4864K, reserved 1048576K
}
Event: 16.301 GC heap after
{Heap after GC invocations=39 (full 2):
 PSYoungGen      total 16384K, used 1328K [0x00000000d5580000, 0x00000000d6780000, 0x0000000100000000)
  eden space 14848K, 0% used [0x00000000d5580000,0x00000000d5580000,0x00000000d6400000)
  from space 1536K, 86% used [0x00000000d6500000,0x00000000d664c030,0x00000000d6680000)
  to   space 1024K, 0% used [0x00000000d6680000,0x00000000d6680000,0x00000000d6780000)
 ParOldGen       total 68608K, used 54856K [0x0000000080000000, 0x0000000084300000, 0x00000000d5580000)
  object space 68608K, 79% used [0x0000000080000000,0x00000000835922e0,0x0000000084300000)
 Metaspace       used 44822K, committed 45952K, reserved 1114112K
  class space    used 4376K, committed 4864K, reserved 1048576K
}
Event: 16.383 GC heap before
{Heap before GC invocations=40 (full 2):
 PSYoungGen      total 16384K, used 16176K [0x00000000d5580000, 0x00000000d6780000, 0x0000000100000000)
  eden space 14848K, 100% used [0x00000000d5580000,0x00000000d6400000,0x00000000d6400000)
  from space 1536K, 86% used [0x00000000d6500000,0x00000000d664c030,0x00000000d6680000)
  to   space 1024K, 0% used [0x00000000d6680000,0x00000000d6680000,0x00000000d6780000)
 ParOldGen       total 68608K, used 54856K [0x0000000080000000, 0x0000000084300000, 0x00000000d5580000)
  object space 68608K, 79% used [0x0000000080000000,0x00000000835922e0,0x0000000084300000)
 Metaspace       used 45056K, committed 46272K, reserved 1114112K
  class space    used 4390K, committed 4928K, reserved 1048576K
}
Event: 16.386 GC heap after
{Heap after GC invocations=40 (full 2):
 PSYoungGen      total 15360K, used 1024K [0x00000000d5580000, 0x00000000d6a00000, 0x0000000100000000)
  eden space 14336K, 0% used [0x00000000d5580000,0x00000000d5580000,0x00000000d6380000)
  from space 1024K, 100% used [0x00000000d6680000,0x00000000d6780000,0x00000000d6780000)
  to   space 3072K, 0% used [0x00000000d6380000,0x00000000d6380000,0x00000000d6680000)
 ParOldGen       total 68608K, used 56381K [0x0000000080000000, 0x0000000084300000, 0x00000000d5580000)
  object space 68608K, 82% used [0x0000000080000000,0x000000008370f648,0x0000000084300000)
 Metaspace       used 45056K, committed 46272K, reserved 1114112K
  class space    used 4390K, committed 4928K, reserved 1048576K
}
Event: 16.443 GC heap before
{Heap before GC invocations=41 (full 2):
 PSYoungGen      total 15360K, used 15360K [0x00000000d5580000, 0x00000000d6a00000, 0x0000000100000000)
  eden space 14336K, 100% used [0x00000000d5580000,0x00000000d6380000,0x00000000d6380000)
  from space 1024K, 100% used [0x00000000d6680000,0x00000000d6780000,0x00000000d6780000)
  to   space 3072K, 0% used [0x00000000d6380000,0x00000000d6380000,0x00000000d6680000)
 ParOldGen       total 68608K, used 56381K [0x0000000080000000, 0x0000000084300000, 0x00000000d5580000)
  object space 68608K, 82% used [0x0000000080000000,0x000000008370f648,0x0000000084300000)
 Metaspace       used 45099K, committed 46272K, reserved 1114112K
  class space    used 4393K, committed 4928K, reserved 1048576K
}
Event: 16.446 GC heap after
{Heap after GC invocations=41 (full 2):
 PSYoungGen      total 15872K, used 1104K [0x00000000d5580000, 0x00000000d6780000, 0x0000000100000000)
  eden space 14336K, 0% used [0x00000000d5580000,0x00000000d5580000,0x00000000d6380000)
  from space 1536K, 71% used [0x00000000d6380000,0x00000000d6494050,0x00000000d6500000)
  to   space 2048K, 0% used [0x00000000d6580000,0x00000000d6580000,0x00000000d6780000)
 ParOldGen       total 68608K, used 57399K [0x0000000080000000, 0x0000000084300000, 0x00000000d5580000)
  object space 68608K, 83% used [0x0000000080000000,0x000000008380dc08,0x0000000084300000)
 Metaspace       used 45099K, committed 46272K, reserved 1114112K
  class space    used 4393K, committed 4928K, reserved 1048576K
}
Event: 16.500 GC heap before
{Heap before GC invocations=42 (full 2):
 PSYoungGen      total 15872K, used 15440K [0x00000000d5580000, 0x00000000d6780000, 0x0000000100000000)
  eden space 14336K, 100% used [0x00000000d5580000,0x00000000d6380000,0x00000000d6380000)
  from space 1536K, 71% used [0x00000000d6380000,0x00000000d6494050,0x00000000d6500000)
  to   space 2048K, 0% used [0x00000000d6580000,0x00000000d6580000,0x00000000d6780000)
 ParOldGen       total 68608K, used 57399K [0x0000000080000000, 0x0000000084300000, 0x00000000d5580000)
  object space 68608K, 83% used [0x0000000080000000,0x000000008380dc08,0x0000000084300000)
 Metaspace       used 45139K, committed 46336K, reserved 1114112K
  class space    used 4393K, committed 4928K, reserved 1048576K
}
Event: 16.502 GC heap after
{Heap after GC invocations=42 (full 2):
 PSYoungGen      total 15872K, used 1040K [0x00000000d5580000, 0x00000000d6700000, 0x0000000100000000)
  eden space 14336K, 0% used [0x00000000d5580000,0x00000000d5580000,0x00000000d6380000)
  from space 1536K, 67% used [0x00000000d6580000,0x00000000d6684070,0x00000000d6700000)
  to   space 1536K, 0% used [0x00000000d6380000,0x00000000d6380000,0x00000000d6500000)
 ParOldGen       total 68608K, used 58299K [0x0000000080000000, 0x0000000084300000, 0x00000000d5580000)
  object space 68608K, 84% used [0x0000000080000000,0x00000000838eee58,0x0000000084300000)
 Metaspace       used 45139K, committed 46336K, reserved 1114112K
  class space    used 4393K, committed 4928K, reserved 1048576K
}
Event: 16.679 GC heap before
{Heap before GC invocations=43 (full 2):
 PSYoungGen      total 15872K, used 15376K [0x00000000d5580000, 0x00000000d6700000, 0x0000000100000000)
  eden space 14336K, 99% used [0x00000000d5580000,0x00000000d637fff0,0x00000000d6380000)
  from space 1536K, 67% used [0x00000000d6580000,0x00000000d6684070,0x00000000d6700000)
  to   space 1536K, 0% used [0x00000000d6380000,0x00000000d6380000,0x00000000d6500000)
 ParOldGen       total 68608K, used 58299K [0x0000000080000000, 0x0000000084300000, 0x00000000d5580000)
  object space 68608K, 84% used [0x0000000080000000,0x00000000838eee58,0x0000000084300000)
 Metaspace       used 45546K, committed 46720K, reserved 1114112K
  class space    used 4414K, committed 4928K, reserved 1048576K
}
Event: 16.683 GC heap after
{Heap after GC invocations=43 (full 2):
 PSYoungGen      total 15872K, used 1504K [0x00000000d5580000, 0x00000000d6b80000, 0x0000000100000000)
  eden space 14336K, 0% used [0x00000000d5580000,0x00000000d5580000,0x00000000d6380000)
  from space 1536K, 97% used [0x00000000d6380000,0x00000000d64f8030,0x00000000d6500000)
  to   space 4096K, 0% used [0x00000000d6780000,0x00000000d6780000,0x00000000d6b80000)
 ParOldGen       total 68608K, used 60264K [0x0000000080000000, 0x0000000084300000, 0x00000000d5580000)
  object space 68608K, 87% used [0x0000000080000000,0x0000000083ada300,0x0000000084300000)
 Metaspace       used 45546K, committed 46720K, reserved 1114112K
  class space    used 4414K, committed 4928K, reserved 1048576K
}
Event: 16.947 GC heap before
{Heap before GC invocations=44 (full 2):
 PSYoungGen      total 15872K, used 15840K [0x00000000d5580000, 0x00000000d6b80000, 0x0000000100000000)
  eden space 14336K, 100% used [0x00000000d5580000,0x00000000d6380000,0x00000000d6380000)
  from space 1536K, 97% used [0x00000000d6380000,0x00000000d64f8030,0x00000000d6500000)
  to   space 4096K, 0% used [0x00000000d6780000,0x00000000d6780000,0x00000000d6b80000)
 ParOldGen       total 68608K, used 60264K [0x0000000080000000, 0x0000000084300000, 0x00000000d5580000)
  object space 68608K, 87% used [0x0000000080000000,0x0000000083ada300,0x0000000084300000)
 Metaspace       used 45893K, committed 47040K, reserved 1114112K
  class space    used 4420K, committed 4928K, reserved 1048576K
}
Event: 16.952 GC heap after
{Heap after GC invocations=44 (full 2):
 PSYoungGen      total 17408K, used 2844K [0x00000000d5580000, 0x00000000d6a80000, 0x0000000100000000)
  eden space 14336K, 0% used [0x00000000d5580000,0x00000000d5580000,0x00000000d6380000)
  from space 3072K, 92% used [0x00000000d6780000,0x00000000d6a47220,0x00000000d6a80000)
  to   space 3072K, 0% used [0x00000000d6480000,0x00000000d6480000,0x00000000d6780000)
 ParOldGen       total 68608K, used 61792K [0x0000000080000000, 0x0000000084300000, 0x00000000d5580000)
  object space 68608K, 90% used [0x0000000080000000,0x0000000083c58350,0x0000000084300000)
 Metaspace       used 45893K, committed 47040K, reserved 1114112K
  class space    used 4420K, committed 4928K, reserved 1048576K
}
Event: 17.186 GC heap before
{Heap before GC invocations=45 (full 2):
 PSYoungGen      total 17408K, used 17180K [0x00000000d5580000, 0x00000000d6a80000, 0x0000000100000000)
  eden space 14336K, 100% used [0x00000000d5580000,0x00000000d6380000,0x00000000d6380000)
  from space 3072K, 92% used [0x00000000d6780000,0x00000000d6a47220,0x00000000d6a80000)
  to   space 3072K, 0% used [0x00000000d6480000,0x00000000d6480000,0x00000000d6780000)
 ParOldGen       total 68608K, used 61792K [0x0000000080000000, 0x0000000084300000, 0x00000000d5580000)
  object space 68608K, 90% used [0x0000000080000000,0x0000000083c58350,0x0000000084300000)
 Metaspace       used 46274K, committed 47424K, reserved 1114112K
  class space    used 4427K, committed 4928K, reserved 1048576K
}
Event: 17.192 GC heap after
{Heap after GC invocations=45 (full 2):
 PSYoungGen      total 16896K, used 2511K [0x00000000d5580000, 0x00000000d6980000, 0x0000000100000000)
  eden space 14336K, 0% used [0x00000000d5580000,0x00000000d5580000,0x00000000d6380000)
  from space 2560K, 98% used [0x00000000d6480000,0x00000000d66f3fd0,0x00000000d6700000)
  to   space 2560K, 0% used [0x00000000d6700000,0x00000000d6700000,0x00000000d6980000)
 ParOldGen       total 68608K, used 64506K [0x0000000080000000, 0x0000000084300000, 0x00000000d5580000)
  object space 68608K, 94% used [0x0000000080000000,0x0000000083efebc8,0x0000000084300000)
 Metaspace       used 46274K, committed 47424K, reserved 1114112K
  class space    used 4427K, committed 4928K, reserved 1048576K
}

